0 info it worked if it ends with ok
1 verbose cli [ '/usr/local/bin/node',
1 verbose cli   '/usr/local/lib/node_modules/cnpm/node_modules/.bin/npm',
1 verbose cli   '--userconfig=/Users/weiguo/.cnpmrc',
1 verbose cli   '--disturl=https://npm.taobao.org/mirrors/node',
1 verbose cli   '--cache=/Users/weiguo/.cnpm',
1 verbose cli   '--registry=https://registry.npm.taobao.org',
1 verbose cli   '--node-gyp=/usr/local/lib/node_modules/cnpm/node_modules/node-gyp/bin/node-gyp.js',
1 verbose cli   'i',
1 verbose cli   'cd',
1 verbose cli   '..' ]
2 info using npm@2.14.15
3 info using node@v4.2.2
4 verbose install initial load of /Users/weiguo/git/github/socket_web/package.json
5 warn package.json socket_web@1.0.0 No description
6 warn package.json socket_web@1.0.0 No repository field.
7 warn package.json socket_web@1.0.0 No README data
8 verbose installManyTop reading scoped package data from /Users/weiguo/git/github/socket_web/node_modules/co/package.json
9 verbose installManyTop reading scoped package data from /Users/weiguo/git/github/socket_web/node_modules/gzip/package.json
10 verbose installManyTop reading scoped package data from /Users/weiguo/git/github/socket_web/node_modules/mime/package.json
11 verbose installManyTop reading scoped package data from /Users/weiguo/git/github/socket_web/node_modules/socket.io/package.json
12 verbose installManyTop reading scoped package data from /Users/weiguo/git/github/socket_web/node_modules/socket.io-client/package.json
13 verbose installManyTop reading scoped package data from /Users/weiguo/git/github/socket_web/node_modules/ws/package.json
14 info package.json gzip@0.1.0 No repository field.
15 info package.json gzip@0.1.0 No README data
16 info package.json mime@1.3.4 No license field.
17 verbose readDependencies loading dependencies from /Users/weiguo/git/github/socket_web/package.json
18 silly cache add args [ 'cd', null ]
19 verbose cache add spec cd
20 silly cache add args [ '..', null ]
21 verbose cache add spec ..
22 silly cache add parsed spec Result {
22 silly cache add   raw: 'cd',
22 silly cache add   scope: null,
22 silly cache add   name: 'cd',
22 silly cache add   rawSpec: '',
22 silly cache add   spec: 'latest',
22 silly cache add   type: 'tag' }
23 silly addNamed cd@latest
24 verbose addNamed "latest" is being treated as a dist-tag for cd
25 info addNameTag [ 'cd', 'latest' ]
26 silly mapToRegistry name cd
27 silly mapToRegistry using default registry
28 silly mapToRegistry registry https://registry.npm.taobao.org/
29 silly mapToRegistry uri https://registry.npm.taobao.org/cd
30 verbose addNameTag registry:https://registry.npm.taobao.org/cd not in flight; fetching
31 verbose request uri https://registry.npm.taobao.org/cd
32 verbose request no auth needed
33 info attempt registry request try #1 at 08:59:39
34 verbose request id b4580f483addb9b5
35 http request GET https://registry.npm.taobao.org/cd
36 silly cache add parsed spec Result {
36 silly cache add   raw: '..',
36 silly cache add   scope: null,
36 silly cache add   name: null,
36 silly cache add   rawSpec: '..',
36 silly cache add   spec: '/Users/weiguo/git/github',
36 silly cache add   type: 'local' }
37 error addLocal Could not install /Users/weiguo/git/github
38 http 200 https://registry.npm.taobao.org/cd
39 verbose headers { date: 'Sun, 07 Feb 2016 00:59:39 GMT',
39 verbose headers   'content-type': 'application/json; charset=utf-8',
39 verbose headers   'content-length': '11182',
39 verbose headers   connection: 'keep-alive',
39 verbose headers   etag: '"2bae-hIDDzzbUyGS/2yL4dsrbGw"',
39 verbose headers   'x-readtime': '18' }
40 silly get cb [ 200,
40 silly get   { date: 'Sun, 07 Feb 2016 00:59:39 GMT',
40 silly get     'content-type': 'application/json; charset=utf-8',
40 silly get     'content-length': '11182',
40 silly get     connection: 'keep-alive',
40 silly get     etag: '"2bae-hIDDzzbUyGS/2yL4dsrbGw"',
40 silly get     'x-readtime': '18' } ]
41 verbose get saving cd to /Users/weiguo/.cnpm/registry.npm.taobao.org/cd/.cache.json
42 silly addNameTag next cb for cd with tag latest
43 silly addNamed cd@0.3.3
44 verbose addNamed "0.3.3" is a plain semver version for cd
45 silly mapToRegistry name cd
46 silly mapToRegistry using default registry
47 silly mapToRegistry registry https://registry.npm.taobao.org/
48 silly mapToRegistry uri https://registry.npm.taobao.org/cd
49 verbose addRemoteTarball https://registry.npm.taobao.org/cd/download/cd-0.3.3.tgz not in flight; adding
50 verbose addRemoteTarball [ 'https://registry.npm.taobao.org/cd/download/cd-0.3.3.tgz',
50 verbose addRemoteTarball   '108ecb57bff93b96b9115c54573cfef3008ef94d' ]
51 info retry fetch attempt 1 at 08:59:39
52 info attempt registry request try #1 at 08:59:39
53 http fetch GET https://registry.npm.taobao.org/cd/download/cd-0.3.3.tgz
54 http fetch 200 https://registry.npm.taobao.org/cd/download/cd-0.3.3.tgz
55 silly fetchAndShaCheck shasum 108ecb57bff93b96b9115c54573cfef3008ef94d
56 verbose addTmpTarball /var/folders/pf/stnklkyd1vs7p85z4hckmlr00000gn/T/npm-43534-79934b9e/registry.npm.taobao.org/cd/download/cd-0.3.3.tgz not in flight; adding
57 verbose addTmpTarball already have metadata; skipping unpack for cd@0.3.3
58 silly cache afterAdd cd@0.3.3
59 verbose afterAdd /Users/weiguo/.cnpm/cd/0.3.3/package/package.json not in flight; writing
60 verbose afterAdd /Users/weiguo/.cnpm/cd/0.3.3/package/package.json written
61 verbose stack Error: EISDIR: illegal operation on a directory, read
61 verbose stack     at Error (native)
62 verbose cwd /Users/weiguo/git/github/socket_web
63 error Darwin 14.5.0
64 error argv "/usr/local/bin/node" "/usr/local/lib/node_modules/cnpm/node_modules/.bin/npm" "--userconfig=/Users/weiguo/.cnpmrc" "--disturl=https://npm.taobao.org/mirrors/node" "--cache=/Users/weiguo/.cnpm" "--registry=https://registry.npm.taobao.org" "--node-gyp=/usr/local/lib/node_modules/cnpm/node_modules/node-gyp/bin/node-gyp.js" "i" "cd" ".."
65 error node v4.2.2
66 error npm  v2.14.15
67 error code EISDIR
68 error errno -21
69 error syscall read
70 error eisdir EISDIR: illegal operation on a directory, read
70 error eisdir This is most likely not a problem with npm itself
70 error eisdir and is related to npm not being able to find a package.json in
70 error eisdir a package you are trying to install.
71 verbose exit [ -21, true ]
